<?xml version="1.0" encoding="UTF-8"?>
<!-- Generated by org.testng.reporters.JUnitXMLReporter -->
<testsuite ignored="0" hostname="BLLCLAPUS1698" failures="0" tests="5" name="Test" time="4.387" errors="0" timestamp="2022-02-23T20:49:48 PST">
  <testcase classname="TC_VideoGameAPI" name="test_GetAllVideoGames" time="2.628"/>
  <testcase classname="TC_VideoGameAPI" name="test_AddNewVideoGame" time="0.771"/>
  <testcase classname="TC_VideoGameAPI" name="test_getVideoGame" time="0.809"/>
  <testcase classname="TC_VideoGameAPI" name="test_updateVideoGame" time="0.062"/>
  <testcase classname="TC_VideoGameAPI" name="test_deleteVideoGame" time="0.037"/>
</testsuite> <!-- Test -->
