<?xml version="1.0" encoding="UTF-8"?>
<!-- Generated by org.testng.reporters.JUnitXMLReporter -->
<testsuite ignored="4" hostname="BLLCLAPUS1698" failures="0" tests="1" name="Default test" time="2.813" errors="0" timestamp="2022-02-23T20:47:09 PST">
  <testcase classname="TC_VideoGameAPI" name="test_deleteVideoGame" time="2.749"/>
  <testcase classname="TC_VideoGameAPI" name="test_getVideoGame" time="0.0">
    <ignored/>
  </testcase> <!-- test_getVideoGame -->
  <testcase classname="TC_VideoGameAPI" name="test_GetAllVideoGames" time="0.0">
    <ignored/>
  </testcase> <!-- test_GetAllVideoGames -->
  <testcase classname="TC_VideoGameAPI" name="test_updateVideoGame" time="0.0">
    <ignored/>
  </testcase> <!-- test_updateVideoGame -->
  <testcase classname="TC_VideoGameAPI" name="test_AddNewVideoGame" time="0.0">
    <ignored/>
  </testcase> <!-- test_AddNewVideoGame -->
</testsuite> <!-- Default test -->
